<?xml version="1.0" encoding="UTF-8" ?>
<testsuite failures="0" time="21.399" errors="0" skipped="0" tests="4" name="InjectedTest">
  <properties>
[...]
</properties>
  <testcase time="0.179" classname="org.jvnet.hudson.test.JellyTestSuiteBuilder$JellyCheck" name="/D:/lastsuccessdescriptioncolumn/target/classes/hudson/plugins/lastsuccessdescriptioncolumn/LastSuccessDescriptionColumn/column.jelly"/>
  <testcase time="0.026" classname="org.jvnet.hudson.test.JellyTestSuiteBuilder$JellyCheck" name="/D:/lastsuccessdescriptioncolumn/target/classes/hudson/plugins/lastsuccessdescriptioncolumn/LastSuccessDescriptionColumn/columnHeader.jelly"/>
  <testcase time="0.007" classname="org.jvnet.hudson.test.JellyTestSuiteBuilder$JellyCheck" name="/D:/lastsuccessdescriptioncolumn/target/classes/index.jelly"/>
  <testcase time="0" classname="org.jvnet.hudson.test.junit.FailedTest" name="org.jvnet.hudson.test.JellyTestSuiteBuilder$JellyTestSuite"/>
</testsuite>